\BOOKMARK [1][-]{section.1}{Introduzione}{}% 1
\BOOKMARK [2][-]{subsection.1.1}{Convenzioni\040e\040scelte\040progettuali}{section.1}% 2
\BOOKMARK [3][-]{subsubsection.1.1.1}{Versione\0401}{subsection.1.1}% 3
\BOOKMARK [3][-]{subsubsection.1.1.2}{Versione\0402}{subsection.1.1}% 4
\BOOKMARK [1][-]{section.2}{Implementazione\040versione\0401}{}% 5
\BOOKMARK [2][-]{subsection.2.1}{Premesse}{section.2}% 6
\BOOKMARK [2][-]{subsection.2.2}{Occupazione}{section.2}% 7
\BOOKMARK [2][-]{subsection.2.3}{Posizioni\040libere}{section.2}% 8
\BOOKMARK [2][-]{subsection.2.4}{Mosse\040eseguibili}{section.2}% 9
\BOOKMARK [2][-]{subsection.2.5}{Scelta\040della\040mossa}{section.2}% 10
\BOOKMARK [2][-]{subsection.2.6}{Aggiornamento\040posizioni}{section.2}% 11
\BOOKMARK [2][-]{subsection.2.7}{Goal}{section.2}% 12
\BOOKMARK [1][-]{section.3}{Ottimizzazioni}{}% 13
\BOOKMARK [2][-]{subsection.3.1}{Ottimizzazioni\040sul\040codice}{section.3}% 14
\BOOKMARK [2][-]{subsection.3.2}{Multishot}{section.3}% 15
\BOOKMARK [1][-]{section.4}{Implementazione\040versione\0402}{}% 16
\BOOKMARK [2][-]{subsection.4.1}{Posizioni}{section.4}% 17
\BOOKMARK [2][-]{subsection.4.2}{Posizioni\040libere}{section.4}% 18
\BOOKMARK [2][-]{subsection.4.3}{Azioni\040possibili}{section.4}% 19
\BOOKMARK [2][-]{subsection.4.4}{Azione\040scelta}{section.4}% 20
\BOOKMARK [2][-]{subsection.4.5}{Cause}{section.4}% 21
\BOOKMARK [1][-]{section.5}{Risultati}{}% 22
\BOOKMARK [2][-]{subsection.5.1}{Confronto\040versioni}{section.5}% 23
